
--->File: /root/sincron/programacio/courses_miriadax/courses/Publicidad en Línea. Campañas en Facebook y Adwords .html	2015-11-29T20:18:58+01:00
 No query for effort	CodeLine=135 No query for prices	CodeLine=135 No query for subjects	CodeLine=135 No query for language	CodeLine=135
--->File: /root/sincron/programacio/courses_miriadax/courses/Búsqueda y gestión de la información en la web .html	2015-11-29T20:18:59+01:00
 No query for effort	CodeLine=135 No query for prices	CodeLine=135 No query for subjects	CodeLine=135 No query for language	CodeLine=135
--->File: /root/sincron/programacio/courses_miriadax/courses/Introducción al Desarrollo de Aplicaciones Móviles con Windows Phone .html	2015-11-29T20:18:59+01:00
 No query for effort	CodeLine=135 No query for prices	CodeLine=135 No query for subjects	CodeLine=135 No query for language	CodeLine=135
--->File: /root/sincron/programacio/courses_miriadax/courses/AprendeR: Introducción al tratamiento de datos con R y RStudio .html	2015-11-29T20:18:59+01:00
 No query for effort	CodeLine=135 No query for prices	CodeLine=135 No query for subjects	CodeLine=135 No query for language	CodeLine=135
--->File: /root/sincron/programacio/courses_miriadax/courses/Geometría diferencial y Mecánica: una introducción .html	2015-11-29T20:18:59+01:00
 No query for effort	CodeLine=135 No query for prices	CodeLine=135 No query for subjects	CodeLine=135 No query for language	CodeLine=135
--->File: /root/sincron/programacio/courses_miriadax/courses/Construcción de un Curso Virtual en la Plataforma Moodle .html	2015-11-29T20:18:59+01:00
 No query for effort	CodeLine=135 No query for prices	CodeLine=135 No query for subjects	CodeLine=135 No query for language	CodeLine=135
--->File: /root/sincron/programacio/courses_miriadax/courses/Desarrollo en HTML5, CSS y Javascript de WebApps, incl. móviles FirefoxOS* .html	2015-11-29T20:18:59+01:00
 No query for effort	CodeLine=135 No query for prices	CodeLine=135 No query for subjects	CodeLine=135 No query for language	CodeLine=135
--->File: /root/sincron/programacio/courses_miriadax/courses/Matemáticas esenciales en los números reales y complejos .html	2015-11-29T20:18:59+01:00
 No query for effort	CodeLine=135 No query for prices	CodeLine=135 No query for subjects	CodeLine=135 No query for language	CodeLine=135
--->File: /root/sincron/programacio/courses_miriadax/courses/Criptología matemática .html	2015-11-29T20:18:59+01:00
 No query for effort	CodeLine=135 No query for prices	CodeLine=135 No query for subjects	CodeLine=135 No query for language	CodeLine=135
--->File: /root/sincron/programacio/courses_miriadax/courses/Informática gerencial .html	2015-11-29T20:18:59+01:00
 No query for effort	CodeLine=135 No query for prices	CodeLine=135 No query for subjects	CodeLine=135 No query for language	CodeLine=135
--->File: /root/sincron/programacio/courses_miriadax/courses/Estadística descriptiva .html	2015-11-29T20:18:59+01:00
 No query for effort	CodeLine=135 No query for prices	CodeLine=135 No query for subjects	CodeLine=135 No query for language	CodeLine=135
--->File: /root/sincron/programacio/courses_miriadax/courses/La Nube y sus aplicaciones profesionales y educativas .html	2015-11-29T20:18:59+01:00
 No query for effort	CodeLine=135 No query for prices	CodeLine=135 No query for subjects	CodeLine=135 No query for language	CodeLine=135
--->File: /root/sincron/programacio/courses_miriadax/courses/Creación y retoque de imágenes con software libre .html	2015-11-29T20:18:59+01:00
 No query for effort	CodeLine=135 No query for prices	CodeLine=135 No query for subjects	CodeLine=135 No query for language	CodeLine=135
--->File: /root/sincron/programacio/courses_miriadax/courses/Redacción en Internet .html	2015-11-29T20:18:59+01:00
 No query for effort	CodeLine=135 No query for prices	CodeLine=135 No query for subjects	CodeLine=135 No query for language	CodeLine=135
--->File: /root/sincron/programacio/courses_miriadax/courses/Encontrando tesoros en la red .html	2015-11-29T20:18:59+01:00
 No query for effort	CodeLine=135 No query for prices	CodeLine=135 No query for subjects	CodeLine=135 No query for language	CodeLine=135
--->File: /root/sincron/programacio/courses_miriadax/courses/Introducción a la Docencia en el siglo XXI .html	2015-11-29T20:18:59+01:00
 No query for effort	CodeLine=135 No query for prices	CodeLine=135 No query for subjects	CodeLine=135 No query for language	CodeLine=135
--->File: /root/sincron/programacio/courses_miriadax/courses/Probabilidad básica .html	2015-11-29T20:18:59+01:00
 No query for effort	CodeLine=135 No query for prices	CodeLine=135 No query for subjects	CodeLine=135 No query for language	CodeLine=135
--->File: /root/sincron/programacio/courses_miriadax/courses/Técnicas de creatividad .html	2015-11-29T20:18:59+01:00
 No query for effort	CodeLine=135 No query for prices	CodeLine=135 No query for subjects	CodeLine=135 No query for language	CodeLine=135
--->File: /root/sincron/programacio/courses_miriadax/courses/MatLab para principiantes .html	2015-11-29T20:18:59+01:00
 No query for effort	CodeLine=135 No query for prices	CodeLine=135 No query for subjects	CodeLine=135 No query for language	CodeLine=135
--->File: /root/sincron/programacio/courses_miriadax/courses/Presentaciones Eficaces .html	2015-11-29T20:18:59+01:00
 No query for effort	CodeLine=135 No query for prices	CodeLine=135 No query for subjects	CodeLine=135 No query for language	CodeLine=135
--->File: /root/sincron/programacio/courses_miriadax/courses/Recogida de datos cualitativos en entornos virtuales y tratamiento con NVIVO .html	2015-11-29T20:18:59+01:00
 No query for effort	CodeLine=135 No query for prices	CodeLine=135 No query for subjects	CodeLine=135 No query for language	CodeLine=135
--->File: /root/sincron/programacio/courses_miriadax/courses/Diseño de proyectos educativos innovadores con TIC .html	2015-11-29T20:18:59+01:00
 No query for effort	CodeLine=135 No query for prices	CodeLine=135 No query for subjects	CodeLine=135 No query for language	CodeLine=135
--->File: /root/sincron/programacio/courses_miriadax/courses/Metodologia científica .html	2015-11-29T20:18:59+01:00
 No query for effort	CodeLine=135 No query for prices	CodeLine=135 No query for subjects	CodeLine=135 No query for language	CodeLine=135
--->File: /root/sincron/programacio/courses_miriadax/courses/Pensamiento Computacional en la Escuela .html	2015-11-29T20:18:59+01:00
 No query for effort	CodeLine=135 No query for prices	CodeLine=135 No query for subjects	CodeLine=135 No query for language	CodeLine=135
--->File: /root/sincron/programacio/courses_miriadax/courses/Agilidad y Lean. Gestionando los proyectos y negocios del s. XXI .html	2015-11-29T20:18:59+01:00
 No query for effort	CodeLine=135 No query for prices	CodeLine=135 No query for subjects	CodeLine=135 No query for language	CodeLine=135
--->File: /root/sincron/programacio/courses_miriadax/courses/Matemáticas básicas .html	2015-11-29T20:18:59+01:00
 No query for effort	CodeLine=135 No query for prices	CodeLine=135 No query for subjects	CodeLine=135 No query for language	CodeLine=135